<?xml version="1.0" encoding="UTF-8"?>
<testsuite name="StringUtilsTest" tests="1" skipped="0" failures="0" errors="0" timestamp="2022-05-16T08:50:59" hostname="DESKTOP-NDN1TBG" time="0.028">
  <properties/>
  <testcase name="positiveNumber()" classname="StringUtilsTest" time="0.028"/>
  <system-out><![CDATA[]]></system-out>
  <system-err><![CDATA[]]></system-err>
</testsuite>
